2022-12-01T07:16:01+00:00 CRITICAL syntax error, unexpected token "," in /Applications/MAMP/htdocs/wordpress/wp-content/themes/hello-elementor-child/custom-shortcode/register/register.php on line 19

2022-12-01T07:16:16+00:00 CRITICAL syntax error, unexpected token "," in /Applications/MAMP/htdocs/wordpress/wp-content/themes/hello-elementor-child/custom-shortcode/register/register.php on line 19

2022-12-01T07:16:16+00:00 CRITICAL syntax error, unexpected token "," in /Applications/MAMP/htdocs/wordpress/wp-content/themes/hello-elementor-child/custom-shortcode/register/register.php on line 19

2022-12-01T07:24:38+00:00 CRITICAL Unclosed '{' on line 4 in /Applications/MAMP/htdocs/wordpress/wp-content/themes/hello-elementor-child/custom-shortcode/register/register.php on line 64

2022-12-01T07:25:32+00:00 CRITICAL Unclosed '{' on line 4 in /Applications/MAMP/htdocs/wordpress/wp-content/themes/hello-elementor-child/custom-shortcode/register/register.php on line 67

2022-12-01T07:26:38+00:00 CRITICAL syntax error, unexpected token "if" in /Applications/MAMP/htdocs/wordpress/wp-content/themes/hello-elementor-child/custom-shortcode/register/register.php on line 28

2022-12-01T07:26:43+00:00 CRITICAL syntax error, unexpected token "if" in /Applications/MAMP/htdocs/wordpress/wp-content/themes/hello-elementor-child/custom-shortcode/register/register.php on line 28

2022-12-01T07:31:51+00:00 CRITICAL Maximum execution time of 30 seconds exceeded in /Applications/MAMP/htdocs/wordpress/wp-includes/class-wp-query.php on line 3627

2022-12-01T07:32:17+00:00 CRITICAL Uncaught Error: Cannot use object of type WP_Post as array in /Applications/MAMP/htdocs/wordpress/wp-content/themes/hello-elementor-child/custom-shortcode/register/register.php:32
Stack trace:
#0 /Applications/MAMP/htdocs/wordpress/wp-includes/shortcodes.php(355): registerOrLogin('', '', 'register_or_log...')
#1 [internal function]: do_shortcode_tag(Array)
#2 /Applications/MAMP/htdocs/wordpress/wp-includes/shortcodes.php(227): preg_replace_callback('/\\[(\\[?)(regist...', 'do_shortcode_ta...', '\n\n[register_or_...')
#3 /Applications/MAMP/htdocs/wordpress/wp-includes/class-wp-hook.php(308): do_shortcode('\n\n[register_or_...')
#4 /Applications/MAMP/htdocs/wordpress/wp-includes/plugin.php(205): WP_Hook->apply_filters('\n\n[register_or_...', Array)
#5 /Applications/MAMP/htdocs/wordpress/wp-includes/post-template.php(255): apply_filters('the_content', '<!-- wp:wpum/lo...')
#6 /Applications/MAMP/htdocs/wordpress/wp-content/themes/hello-elementor/template-parts/single.php(23): the_content()
#7 /Applications/MAMP/htdocs/wordpress/wp-includes/template.php(785): require('/Applications/M...')
#8 /Applications/MAMP/htdocs/wordpress/wp-includes/template.php(718): load_template('/Applications/M...', false, Array)
#9 /Applications/MAMP/htdocs/wordpress/wp-includes/general-template.php(204): locate_template(Array, true, false, Array)
#10 /Applications/MAMP/htdocs/wordpress/wp-content/themes/hello-elementor/index.php(21): get_template_part('template-parts/...')
#11 /Applications/MAMP/htdocs/wordpress/wp-includes/template-loader.php(106): include('/Applications/M...')
#12 /Applications/MAMP/htdocs/wordpress/wp-blog-header.php(19): require_once('/Applications/M...')
#13 /Applications/MAMP/htdocs/wordpress/index.php(17): require('/Applications/M...')
#14 {main}
  thrown in /Applications/MAMP/htdocs/wordpress/wp-content/themes/hello-elementor-child/custom-shortcode/register/register.php on line 32

