2022-11-29T01:52:22+00:00 CRITICAL Uncaught Error: Failed opening required './custom-shortcode/login.php' (include_path='.:/Applications/MAMP/bin/php/php8.0.8/lib/php') in /Applications/MAMP/htdocs/wordpress/wp-content/themes/hello-elementor-child/functions.php:3
Stack trace:
#0 /Applications/MAMP/htdocs/wordpress/wp-settings.php(585): include()
#1 /Applications/MAMP/htdocs/wordpress/wp-config.php(96): require_once('/Applications/M...')
#2 /Applications/MAMP/htdocs/wordpress/wp-load.php(50): require_once('/Applications/M...')
#3 /Applications/MAMP/htdocs/wordpress/wp-blog-header.php(13): require_once('/Applications/M...')
#4 /Applications/MAMP/htdocs/wordpress/index.php(17): require('/Applications/M...')
#5 {main}
  thrown in /Applications/MAMP/htdocs/wordpress/wp-content/themes/hello-elementor-child/functions.php on line 3

2022-11-29T01:55:12+00:00 CRITICAL Uncaught Error: Failed opening required './custom-shortcode/login.php' (include_path='.:/Applications/MAMP/bin/php/php8.0.8/lib/php') in /Applications/MAMP/htdocs/wordpress/wp-content/themes/hello-elementor-child/functions.php:3
Stack trace:
#0 /Applications/MAMP/htdocs/wordpress/wp-settings.php(585): include()
#1 /Applications/MAMP/htdocs/wordpress/wp-config.php(96): require_once('/Applications/M...')
#2 /Applications/MAMP/htdocs/wordpress/wp-load.php(50): require_once('/Applications/M...')
#3 /Applications/MAMP/htdocs/wordpress/wp-blog-header.php(13): require_once('/Applications/M...')
#4 /Applications/MAMP/htdocs/wordpress/index.php(17): require('/Applications/M...')
#5 {main}
  thrown in /Applications/MAMP/htdocs/wordpress/wp-content/themes/hello-elementor-child/functions.php on line 3

2022-11-29T01:55:40+00:00 CRITICAL Uncaught Error: Failed opening required 'http://127.0.0.1:8888/wordpress/wp-content/themes/hello-elementor-child/custom-shortcode/login.php' (include_path='.:/Applications/MAMP/bin/php/php8.0.8/lib/php') in /Applications/MAMP/htdocs/wordpress/wp-content/themes/hello-elementor-child/functions.php:3
Stack trace:
#0 /Applications/MAMP/htdocs/wordpress/wp-settings.php(585): include()
#1 /Applications/MAMP/htdocs/wordpress/wp-config.php(96): require_once('/Applications/M...')
#2 /Applications/MAMP/htdocs/wordpress/wp-load.php(50): require_once('/Applications/M...')
#3 /Applications/MAMP/htdocs/wordpress/wp-blog-header.php(13): require_once('/Applications/M...')
#4 /Applications/MAMP/htdocs/wordpress/index.php(17): require('/Applications/M...')
#5 {main}
  thrown in /Applications/MAMP/htdocs/wordpress/wp-content/themes/hello-elementor-child/functions.php on line 3

2022-11-29T01:55:53+00:00 CRITICAL Uncaught Error: Failed opening required 'http://127.0.0.1:8888/wordpress/wp-content/themes/hello-elementor-child/custom-shortcode/login.php' (include_path='.:/Applications/MAMP/bin/php/php8.0.8/lib/php') in /Applications/MAMP/htdocs/wordpress/wp-content/themes/hello-elementor-child/functions.php:3
Stack trace:
#0 /Applications/MAMP/htdocs/wordpress/wp-settings.php(585): include()
#1 /Applications/MAMP/htdocs/wordpress/wp-config.php(96): require_once('/Applications/M...')
#2 /Applications/MAMP/htdocs/wordpress/wp-load.php(50): require_once('/Applications/M...')
#3 /Applications/MAMP/htdocs/wordpress/wp-admin/admin-ajax.php(22): require_once('/Applications/M...')
#4 {main}
  thrown in /Applications/MAMP/htdocs/wordpress/wp-content/themes/hello-elementor-child/functions.php on line 3

2022-11-29T02:00:14+00:00 CRITICAL syntax error, unexpected variable "$name", expecting ")" in /Applications/MAMP/htdocs/wordpress/wp-content/themes/hello-elementor-child/custom-shortcode/login.php on line 5

2022-11-29T02:20:46+00:00 CRITICAL syntax error, unexpected token "endif", expecting end of file in /Applications/MAMP/htdocs/wordpress/wp-content/themes/hello-elementor-child/custom-shortcode/form-login.php on line 43

2022-11-29T03:47:32+00:00 CRITICAL syntax error, unexpected end of file in /Applications/MAMP/htdocs/wordpress/wp-content/themes/hello-elementor-child/custom-shortcode/form-login.php on line 44

2022-11-29T03:47:49+00:00 CRITICAL syntax error, unexpected token ":", expecting ";" in /Applications/MAMP/htdocs/wordpress/wp-content/themes/hello-elementor-child/custom-shortcode/form-login.php on line 42

2022-11-29T03:48:38+00:00 CRITICAL syntax error, unexpected token "if" in /Applications/MAMP/htdocs/wordpress/wp-content/themes/hello-elementor-child/custom-shortcode/form-login.php on line 10

2022-11-29T07:40:50+00:00 CRITICAL Uncaught Error: Failed opening required '/Applications/MAMP/htdocs/wordpress/wp-content/themes/hello-elementor-child/custom-shortcode/login.php' (include_path='.:/Applications/MAMP/bin/php/php8.0.8/lib/php') in /Applications/MAMP/htdocs/wordpress/wp-content/themes/hello-elementor-child/functions.php:3
Stack trace:
#0 /Applications/MAMP/htdocs/wordpress/wp-settings.php(585): include()
#1 /Applications/MAMP/htdocs/wordpress/wp-config.php(96): require_once('/Applications/M...')
#2 /Applications/MAMP/htdocs/wordpress/wp-load.php(50): require_once('/Applications/M...')
#3 /Applications/MAMP/htdocs/wordpress/wp-blog-header.php(13): require_once('/Applications/M...')
#4 /Applications/MAMP/htdocs/wordpress/index.php(17): require('/Applications/M...')
#5 {main}
  thrown in /Applications/MAMP/htdocs/wordpress/wp-content/themes/hello-elementor-child/functions.php on line 3

2022-11-29T08:59:30+00:00 CRITICAL Uncaught Error: Call to undefined function dd() in /Applications/MAMP/htdocs/wordpress/wp-content/themes/hello-elementor-child/custom-template/register-user.php:10
Stack trace:
#0 /Applications/MAMP/htdocs/wordpress/wp-includes/template.php(785): require()
#1 /Applications/MAMP/htdocs/wordpress/wp-includes/template.php(718): load_template('/Applications/M...', false, Array)
#2 /Applications/MAMP/htdocs/wordpress/wp-includes/general-template.php(204): locate_template(Array, true, false, Array)
#3 /Applications/MAMP/htdocs/wordpress/wp-content/themes/hello-elementor-child/custom-shortcode/register/register.php(7): get_template_part('custom-template...')
#4 /Applications/MAMP/htdocs/wordpress/wp-includes/shortcodes.php(355): registerOrLogin('', '', 'register_or_log...')
#5 [internal function]: do_shortcode_tag(Array)
#6 /Applications/MAMP/htdocs/wordpress/wp-includes/shortcodes.php(227): preg_replace_callback('/\\[(\\[?)(regist...', 'do_shortcode_ta...', '\n\n[register_or_...')
#7 /Applications/MAMP/htdocs/wordpress/wp-includes/class-wp-hook.php(308): do_shortcode('\n\n[register_or_...')
#8 /Applications/MAMP/htdocs/wordpress/wp-includes/plugin.php(205): WP_Hook->apply_filters('\n\n[register_or_...', Array)
#9 /Applications/MAMP/htdocs/wordpress/wp-includes/post-template.php(255): apply_filters('the_content', '<!-- wp:wpum/lo...')
#10 /Applications/MAMP/htdocs/wordpress/wp-content/themes/hello-elementor/template-parts/single.php(23): the_content()
#11 /Applications/MAMP/htdocs/wordpress/wp-includes/template.php(785): require('/Applications/M...')
#12 /Applications/MAMP/htdocs/wordpress/wp-includes/template.php(718): load_template('/Applications/M...', false, Array)
#13 /Applications/MAMP/htdocs/wordpress/wp-includes/general-template.php(204): locate_template(Array, true, false, Array)
#14 /Applications/MAMP/htdocs/wordpress/wp-content/themes/hello-elementor/index.php(21): get_template_part('template-parts/...')
#15 /Applications/MAMP/htdocs/wordpress/wp-includes/template-loader.php(106): include('/Applications/M...')
#16 /Applications/MAMP/htdocs/wordpress/wp-blog-header.php(19): require_once('/Applications/M...')
#17 /Applications/MAMP/htdocs/wordpress/index.php(17): require('/Applications/M...')
#18 {main}
  thrown in /Applications/MAMP/htdocs/wordpress/wp-content/themes/hello-elementor-child/custom-template/register-user.php on line 10

