2022-11-30T08:58:57+00:00 CRITICAL Uncaught Error: Call to undefined method WC_Customer::get_billing_furigana() in /Applications/MAMP/htdocs/wordpress/wp-content/themes/hello-elementor-child/custom-shortcode/register/register.php:11
Stack trace:
#0 /Applications/MAMP/htdocs/wordpress/wp-includes/shortcodes.php(355): registerOrLogin('', '', 'register_or_log...')
#1 [internal function]: do_shortcode_tag(Array)
#2 /Applications/MAMP/htdocs/wordpress/wp-includes/shortcodes.php(227): preg_replace_callback('/\\[(\\[?)(regist...', 'do_shortcode_ta...', '\n\n[register_or_...')
#3 /Applications/MAMP/htdocs/wordpress/wp-includes/class-wp-hook.php(308): do_shortcode('\n\n[register_or_...')
#4 /Applications/MAMP/htdocs/wordpress/wp-includes/plugin.php(205): WP_Hook->apply_filters('\n\n[register_or_...', Array)
#5 /Applications/MAMP/htdocs/wordpress/wp-includes/post-template.php(255): apply_filters('the_content', '<!-- wp:wpum/lo...')
#6 /Applications/MAMP/htdocs/wordpress/wp-content/themes/hello-elementor/template-parts/single.php(23): the_content()
#7 /Applications/MAMP/htdocs/wordpress/wp-includes/template.php(785): require('/Applications/M...')
#8 /Applications/MAMP/htdocs/wordpress/wp-includes/template.php(718): load_template('/Applications/M...', false, Array)
#9 /Applications/MAMP/htdocs/wordpress/wp-includes/general-template.php(204): locate_template(Array, true, false, Array)
#10 /Applications/MAMP/htdocs/wordpress/wp-content/themes/hello-elementor/index.php(21): get_template_part('template-parts/...')
#11 /Applications/MAMP/htdocs/wordpress/wp-includes/template-loader.php(106): include('/Applications/M...')
#12 /Applications/MAMP/htdocs/wordpress/wp-blog-header.php(19): require_once('/Applications/M...')
#13 /Applications/MAMP/htdocs/wordpress/index.php(17): require('/Applications/M...')
#14 {main}
  thrown in /Applications/MAMP/htdocs/wordpress/wp-content/themes/hello-elementor-child/custom-shortcode/register/register.php on line 11

2022-11-30T09:05:33+00:00 CRITICAL syntax error, unexpected token "?" in /Applications/MAMP/htdocs/wordpress/wp-content/themes/hello-elementor-child/functions.php on line 23

2022-11-30T09:05:51+00:00 CRITICAL syntax error, unexpected token "?" in /Applications/MAMP/htdocs/wordpress/wp-content/themes/hello-elementor-child/functions.php on line 23

2022-11-30T09:06:10+00:00 CRITICAL syntax error, unexpected token "?" in /Applications/MAMP/htdocs/wordpress/wp-content/themes/hello-elementor-child/functions.php on line 23

2022-11-30T09:06:11+00:00 CRITICAL syntax error, unexpected token "?" in /Applications/MAMP/htdocs/wordpress/wp-content/themes/hello-elementor-child/functions.php on line 23

2022-11-30T09:06:25+00:00 CRITICAL syntax error, unexpected token "," in /Applications/MAMP/htdocs/wordpress/wp-content/themes/hello-elementor-child/functions.php on line 23

2022-11-30T09:06:44+00:00 CRITICAL Uncaught TypeError: Unsupported operand types: array | null in /Applications/MAMP/htdocs/wordpress/wp-content/themes/hello-elementor-child/functions.php:23
Stack trace:
#0 /Applications/MAMP/htdocs/wordpress/wp-content/themes/hello-elementor-child/custom-shortcode/register/register.php(8): get_user_billing_info(1)
#1 /Applications/MAMP/htdocs/wordpress/wp-includes/shortcodes.php(355): registerOrLogin('', '', 'register_or_log...')
#2 [internal function]: do_shortcode_tag(Array)
#3 /Applications/MAMP/htdocs/wordpress/wp-includes/shortcodes.php(227): preg_replace_callback('/\\[(\\[?)(regist...', 'do_shortcode_ta...', '\n\n[register_or_...')
#4 /Applications/MAMP/htdocs/wordpress/wp-includes/class-wp-hook.php(308): do_shortcode('\n\n[register_or_...')
#5 /Applications/MAMP/htdocs/wordpress/wp-includes/plugin.php(205): WP_Hook->apply_filters('\n\n[register_or_...', Array)
#6 /Applications/MAMP/htdocs/wordpress/wp-includes/post-template.php(255): apply_filters('the_content', '<!-- wp:wpum/lo...')
#7 /Applications/MAMP/htdocs/wordpress/wp-content/themes/hello-elementor/template-parts/single.php(23): the_content()
#8 /Applications/MAMP/htdocs/wordpress/wp-includes/template.php(785): require('/Applications/M...')
#9 /Applications/MAMP/htdocs/wordpress/wp-includes/template.php(718): load_template('/Applications/M...', false, Array)
#10 /Applications/MAMP/htdocs/wordpress/wp-includes/general-template.php(204): locate_template(Array, true, false, Array)
#11 /Applications/MAMP/htdocs/wordpress/wp-content/themes/hello-elementor/index.php(21): get_template_part('template-parts/...')
#12 /Applications/MAMP/htdocs/wordpress/wp-includes/template-loader.php(106): include('/Applications/M...')
#13 /Applications/MAMP/htdocs/wordpress/wp-blog-header.php(19): require_once('/Applications/M...')
#14 /Applications/MAMP/htdocs/wordpress/index.php(17): require('/Applications/M...')
#15 {main}
  thrown in /Applications/MAMP/htdocs/wordpress/wp-content/themes/hello-elementor-child/functions.php on line 23

2022-11-30T09:07:16+00:00 CRITICAL syntax error, unexpected token "," in /Applications/MAMP/htdocs/wordpress/wp-content/themes/hello-elementor-child/functions.php on line 23

2022-11-30T09:20:26+00:00 CRITICAL Uncaught ValueError: extract(): Argument #3 ($prefix) is required when using this extract type in /Applications/MAMP/htdocs/wordpress/wp-content/themes/hello-elementor-child/custom-template/register-user.php:7
Stack trace:
#0 /Applications/MAMP/htdocs/wordpress/wp-content/themes/hello-elementor-child/custom-template/register-user.php(7): extract(Array, 2)
#1 /Applications/MAMP/htdocs/wordpress/wp-includes/template.php(785): require('/Applications/M...')
#2 /Applications/MAMP/htdocs/wordpress/wp-includes/template.php(718): load_template('/Applications/M...', false, Array)
#3 /Applications/MAMP/htdocs/wordpress/wp-includes/general-template.php(204): locate_template(Array, true, false, Array)
#4 /Applications/MAMP/htdocs/wordpress/wp-content/themes/hello-elementor-child/custom-shortcode/register/register.php(22): get_template_part('custom-template...', '', Array)
#5 /Applications/MAMP/htdocs/wordpress/wp-includes/shortcodes.php(355): registerOrLogin('', '', 'register_or_log...')
#6 [internal function]: do_shortcode_tag(Array)
#7 /Applications/MAMP/htdocs/wordpress/wp-includes/shortcodes.php(227): preg_replace_callback('/\\[(\\[?)(regist...', 'do_shortcode_ta...', '\n\n[register_or_...')
#8 /Applications/MAMP/htdocs/wordpress/wp-includes/class-wp-hook.php(308): do_shortcode('\n\n[register_or_...')
#9 /Applications/MAMP/htdocs/wordpress/wp-includes/plugin.php(205): WP_Hook->apply_filters('\n\n[register_or_...', Array)
#10 /Applications/MAMP/htdocs/wordpress/wp-includes/post-template.php(255): apply_filters('the_content', '<!-- wp:wpum/lo...')
#11 /Applications/MAMP/htdocs/wordpress/wp-content/themes/hello-elementor/template-parts/single.php(23): the_content()
#12 /Applications/MAMP/htdocs/wordpress/wp-includes/template.php(785): require('/Applications/M...')
#13 /Applications/MAMP/htdocs/wordpress/wp-includes/template.php(718): load_template('/Applications/M...', false, Array)
#14 /Applications/MAMP/htdocs/wordpress/wp-includes/general-template.php(204): locate_template(Array, true, false, Array)
#15 /Applications/MAMP/htdocs/wordpress/wp-content/themes/hello-elementor/index.php(21): get_template_part('template-parts/...')
#16 /Applications/MAMP/htdocs/wordpress/wp-includes/template-loader.php(106): include('/Applications/M...')
#17 /Applications/MAMP/htdocs/wordpress/wp-blog-header.php(19): require_once('/Applications/M...')
#18 /Applications/MAMP/htdocs/wordpress/index.php(17): require('/Applications/M...')
#19 {main}
  thrown in /Applications/MAMP/htdocs/wordpress/wp-content/themes/hello-elementor-child/custom-template/register-user.php on line 7

2022-11-30T10:00:18+00:00 CRITICAL syntax error, unexpected identifier "l" in /Applications/MAMP/htdocs/wordpress/wp-content/themes/hello-elementor-child/custom-template/form-login.php on line 44

